<?xml version="1.0" encoding="UTF-8"?>
<testsuite xmlns:xsi="http://www.w3.org/2001/XMLSchema-instance" xsi:noNamespaceSchemaLocation="https://maven.apache.org/surefire/maven-surefire-plugin/xsd/surefire-test-report.xsd" name="com.arodpes.prueba04.AppTest" time="0.038" tests="3" errors="0" skipped="0" failures="0">
  <properties>
[...]
</properties>
  <testcase name="Pruebasuma1" classname="com.arodpes.prueba04.AppTest" time="0.002"/>
  <testcase name="Pruebasuma2" classname="com.arodpes.prueba04.AppTest" time="0"/>
  <testcase name="Pruebasuma3" classname="com.arodpes.prueba04.AppTest" time="0"/>
</testsuite>